{"numTotalTestSuites":4,"numPassedTestSuites":0,"numFailedTestSuites":4,"numPendingTestSuites":0,"numTotalTests":16,"numPassedTests":14,"numFailedTests":2,"numPendingTests":0,"numTodoTests":0,"snapshot":{"added":0,"failure":false,"filesAdded":0,"filesRemoved":0,"filesRemovedList":[],"filesUnmatched":0,"filesUpdated":0,"matched":0,"total":0,"unchecked":0,"uncheckedKeysByFile":[],"unmatched":0,"updated":0,"didUpdate":false},"startTime":1787470543053,"success":false,"testResults":[{"assertionResults":[{"ancestorTitles":["approved brand and release-channel visual contract"],"fullName":"approved brand and release-channel visual contract enforces one readable and proportional typography rhythm across the complete application shell","status":"passed","title":"enforces one readable and proportional typography rhythm across the complete application shell","duration":3.8396999999999935,"failureMessages":[],"meta":{},"tags":[]},{"ancestorTitles":["approved brand and release-channel visual contract"],"fullName":"approved brand and release-channel visual contract keeps renderer runtime imports on browser-safe package surfaces","status":"passed","title":"keeps renderer runtime imports on browser-safe package surfaces","duration":341.777,"failureMessages":[],"meta":{},"tags":[]},{"ancestorTitles":["approved brand and release-channel visual contract"],"fullName":"approved brand and release-channel visual contract uses exact full Bronze, Silver and Gold palettes selected from the visible stage","status":"passed","title":"uses exact full Bronze, Silver and Gold palettes selected from the visible stage","duration":5.804699999999912,"failureMessages":[],"meta":{},"tags":[]},{"ancestorTitles":["approved brand and release-channel visual contract"],"fullName":"approved brand and release-channel visual contract centralizes channel-specific glass surfaces with accessible opaque fallback","status":"passed","title":"centralizes channel-specific glass surfaces with accessible opaque fallback","duration":4.273199999999974,"failureMessages":[],"meta":{},"tags":[]},{"ancestorTitles":["approved brand and release-channel visual contract"],"fullName":"approved brand and release-channel visual contract keeps text, controls and keyboard focus accessible in every release palette","status":"passed","title":"keeps text, controls and keyboard focus accessible in every release palette","duration":3.443399999999997,"failureMessages":[],"meta":{},"tags":[]},{"ancestorTitles":["approved brand and release-channel visual contract"],"fullName":"approved brand and release-channel visual contract does not let later light-theme declarations restore Bronze-only colors","status":"passed","title":"does not let later light-theme declarations restore Bronze-only colors","duration":1.4764000000000124,"failureMessages":[],"meta":{},"tags":[]},{"ancestorTitles":["approved brand and release-channel visual contract"],"fullName":"approved brand and release-channel visual contract pins deterministic full-shell Electron screenshots for every release channel","status":"failed","title":"pins deterministic full-shell Electron screenshots for every release channel","duration":10.565899999999942,"failureMessages":["AssertionError: expected { schemaVersion: 1, …(12) } to match object { …(10) }\n(3 matching properties omitted from actual)\n    at Proxy.<anonymous> (file:///C:/PPT/AYM/06_KOD/app/node_modules/.pnpm/@vitest+expect@4.1.10/node_modules/@vitest/expect/dist/index.js:1283:10)\n    at Proxy.<anonymous> (file:///C:/PPT/AYM/06_KOD/app/node_modules/.pnpm/@vitest+expect@4.1.10/node_modules/@vitest/expect/dist/index.js:1156:15)\n    at Proxy.methodWrapper (file:///C:/PPT/AYM/06_KOD/app/node_modules/.pnpm/chai@6.2.2/node_modules/chai/index.js:1700:25)\n    at C:/PPT/AYM/06_KOD/app/apps/desktop/tests/brand-release-visual-contract.test.ts:253:32\n    at file:///C:/PPT/AYM/06_KOD/app/node_modules/.pnpm/@vitest+runner@4.1.10/node_modules/@vitest/runner/dist/chunk-artifact.js:1903:20"],"meta":{},"tags":[]},{"ancestorTitles":["approved brand and release-channel visual contract"],"fullName":"approved brand and release-channel visual contract pins the approved transparent warm-Bronze Anadolu parsı mark","status":"passed","title":"pins the approved transparent warm-Bronze Anadolu parsı mark","duration":1.657100000000014,"failureMessages":[],"meta":{},"tags":[]},{"ancestorTitles":["approved brand and release-channel visual contract"],"fullName":"approved brand and release-channel visual contract opens on the binding warm-white Bronze surface without a retired dark flash","status":"passed","title":"opens on the binding warm-white Bronze surface without a retired dark flash","duration":3.445899999999938,"failureMessages":[],"meta":{},"tags":[]},{"ancestorTitles":["approved brand and release-channel visual contract"],"fullName":"approved brand and release-channel visual contract keeps first-admin setup readable and gives the primary action a direct fail-visible path","status":"passed","title":"keeps first-admin setup readable and gives the primary action a direct fail-visible path","duration":2.9390999999999394,"failureMessages":[],"meta":{},"tags":[]},{"ancestorTitles":["approved brand and release-channel visual contract"],"fullName":"approved brand and release-channel visual contract scales the first-family surface with the restored single pars and keeps calm motion optional","status":"passed","title":"scales the first-family surface with the restored single pars and keeps calm motion optional","duration":3.7573999999999614,"failureMessages":[],"meta":{},"tags":[]},{"ancestorTitles":["approved brand and release-channel visual contract"],"fullName":"approved brand and release-channel visual contract keeps the local password hidden by default and exposes an accessible user-controlled toggle","status":"passed","title":"keeps the local password hidden by default and exposes an accessible user-controlled toggle","duration":3.167699999999968,"failureMessages":[],"meta":{},"tags":[]}],"startTime":1787470543435,"endTime":1787470543822.1677,"status":"failed","message":"","name":"C:/PPT/AYM/06_KOD/app/apps/desktop/tests/brand-release-visual-contract.test.ts"},{"assertionResults":[{"ancestorTitles":["PPK-015 historical closure and current egress ratchet"],"fullName":"PPK-015 historical closure and current egress ratchet keeps the historical 32-K scope decision and audit byte-exact","status":"passed","title":"keeps the historical 32-K scope decision and audit byte-exact","duration":11.211099999999988,"failureMessages":[],"meta":{},"tags":[]},{"ancestorTitles":["PPK-015 historical closure and current egress ratchet"],"fullName":"PPK-015 historical closure and current egress ratchet treats DEC-196 and migration 76 as history while recording later migration ownership separately","status":"passed","title":"treats DEC-196 and migration 76 as history while recording later migration ownership separately","duration":5.141599999999983,"failureMessages":[],"meta":{},"tags":[]},{"ancestorTitles":["PPK-015 historical closure and current egress ratchet"],"fullName":"PPK-015 historical closure and current egress ratchet pins the exact current production source and authorized inventory counts","status":"failed","title":"pins the exact current production source and authorized inventory counts","duration":256.49440000000004,"failureMessages":["AssertionError: expected { zones: 18, files: 589, …(2) } to match object { zones: 18, files: 589, …(2) }\n    at Proxy.<anonymous> (file:///C:/PPT/AYM/06_KOD/app/node_modules/.pnpm/@vitest+expect@4.1.10/node_modules/@vitest/expect/dist/index.js:1283:10)\n    at Proxy.<anonymous> (file:///C:/PPT/AYM/06_KOD/app/node_modules/.pnpm/@vitest+expect@4.1.10/node_modules/@vitest/expect/dist/index.js:1156:15)\n    at Proxy.methodWrapper (file:///C:/PPT/AYM/06_KOD/app/node_modules/.pnpm/chai@6.2.2/node_modules/chai/index.js:1700:25)\n    at C:/PPT/AYM/06_KOD/app/apps/desktop/tests/ppk015-network-egress-governance-ratchet.test.ts:56:18\n    at file:///C:/PPT/AYM/06_KOD/app/node_modules/.pnpm/@vitest+runner@4.1.10/node_modules/@vitest/runner/dist/chunk-artifact.js:1903:20"],"meta":{},"tags":[]},{"ancestorTitles":["PPK-015 historical closure and current egress ratchet"],"fullName":"PPK-015 historical closure and current egress ratchet forbids restoring stale latest-decision and no-migration-77 checks","status":"passed","title":"forbids restoring stale latest-decision and no-migration-77 checks","duration":2.236099999999965,"failureMessages":[],"meta":{},"tags":[]}],"startTime":1787470544133,"endTime":1787470544408.236,"status":"failed","message":"","name":"C:/PPT/AYM/06_KOD/app/apps/desktop/tests/ppk015-network-egress-governance-ratchet.test.ts"}]}